<?xml version="1.0" encoding="UTF-8"?>
<testng-results ignored="0" total="2" passed="2" failed="0" skipped="0">
  <reporter-output>
  </reporter-output>
  <suite started-at="2024-05-10T16:06:30 IST" name="Suite" finished-at="2024-05-10T16:06:40 IST" duration-ms="10542">
    <groups>
    </groups>
    <test started-at="2024-05-10T16:06:30 IST" name="AutomobileTest" finished-at="2024-05-10T16:06:40 IST" duration-ms="10542">
      <class name="com.Tricentis.TestCases.VehicleDataTest">
        <test-method is-config="true" signature="setupBrowser()[pri:0, instance:com.Tricentis.TestCases.VehicleDataTest@15c43bd9]" started-at="2024-05-10T16:06:05 IST" name="setupBrowser" finished-at="2024-05-10T16:06:30 IST" duration-ms="24969" status="PASS">
          <reporter-output>
          </reporter-output>
        </test-method> <!-- setupBrowser -->
        <test-method signature="setVehicleData()[pri:1, instance:com.Tricentis.TestCases.VehicleDataTest@15c43bd9]" started-at="2024-05-10T16:06:30 IST" name="setVehicleData" finished-at="2024-05-10T16:06:38 IST" duration-ms="8370" status="PASS">
          <reporter-output>
          </reporter-output>
        </test-method> <!-- setVehicleData -->
        <test-method signature="setInsurantData()[pri:2, instance:com.Tricentis.TestCases.VehicleDataTest@15c43bd9]" started-at="2024-05-10T16:06:38 IST" name="setInsurantData" finished-at="2024-05-10T16:06:40 IST" duration-ms="2083" status="PASS">
          <reporter-output>
          </reporter-output>
        </test-method> <!-- setInsurantData -->
      </class> <!-- com.Tricentis.TestCases.VehicleDataTest -->
    </test> <!-- AutomobileTest -->
  </suite> <!-- Suite -->
</testng-results>
