<?xml version="1.0" encoding="UTF-8"?>
<testng-results ignored="0" total="2" passed="2" failed="0" skipped="0">
  <reporter-output>
  </reporter-output>
  <suite started-at="2024-05-10T14:49:21 IST" name="Suite" finished-at="2024-05-10T14:50:02 IST" duration-ms="40753">
    <groups>
    </groups>
    <test started-at="2024-05-10T14:49:21 IST" name="AutomobileTest" finished-at="2024-05-10T14:50:02 IST" duration-ms="40753">
      <class name="com.Tricentis.TestCases.VehicleDataTest">
        <test-method is-config="true" signature="setupBrowser()[pri:0, instance:com.Tricentis.TestCases.VehicleDataTest@6e6f2380]" started-at="2024-05-10T14:49:17 IST" name="setupBrowser" finished-at="2024-05-10T14:49:21 IST" duration-ms="4236" status="PASS">
          <reporter-output>
          </reporter-output>
        </test-method> <!-- setupBrowser -->
        <test-method signature="setVehicleData()[pri:1, instance:com.Tricentis.TestCases.VehicleDataTest@6e6f2380]" started-at="2024-05-10T14:49:21 IST" name="setVehicleData" finished-at="2024-05-10T14:50:00 IST" duration-ms="39169" status="PASS">
          <reporter-output>
          </reporter-output>
        </test-method> <!-- setVehicleData -->
        <test-method signature="setInsurantData()[pri:2, instance:com.Tricentis.TestCases.VehicleDataTest@6e6f2380]" started-at="2024-05-10T14:50:00 IST" name="setInsurantData" finished-at="2024-05-10T14:50:02 IST" duration-ms="1497" status="PASS">
          <reporter-output>
          </reporter-output>
        </test-method> <!-- setInsurantData -->
      </class> <!-- com.Tricentis.TestCases.VehicleDataTest -->
    </test> <!-- AutomobileTest -->
  </suite> <!-- Suite -->
</testng-results>
